This file contains any messages produced by compilers while
running configure, to aid debugging if configure makes a mistake.

It was created by Mini-XML configure 3.0, which was
generated by GNU Autoconf 2.69.  Invocation command line was

  $ ./configure 

## --------- ##
## Platform. ##
## --------- ##

hostname = xj-pc
uname -m = x86_64
uname -r = 4.15.0-54-generic
uname -s = Linux
uname -v = #58~16.04.1-Ubuntu SMP Mon Jun 24 13:21:41 UTC 2019

/usr/bin/uname -p = unknown
/bin/uname -X     = unknown

/bin/arch              = unknown
/usr/bin/arch -k       = unknown
/usr/convex/getsysinfo = unknown
/usr/bin/hostinfo      = unknown
/bin/machine           = unknown
/usr/bin/oslevel       = unknown
/bin/universe          = unknown

PATH: /home/xujun/bin
PATH: /home/xujun/.local/bin
PATH: /usr/local/sbin
PATH: /usr/local/bin
PATH: /usr/sbin
PATH: /usr/bin
PATH: /sbin
PATH: /bin
PATH: /usr/games
PATH: /usr/local/games
PATH: /snap/bin


## ----------- ##
## Core tests. ##
## ----------- ##

configure:2227: checking build system type
configure:2241: result: x86_64-unknown-linux-gnu
configure:2261: checking host system type
configure:2274: result: x86_64-unknown-linux-gnu
configure:2418: checking for gcc
configure:2434: found /usr/bin/gcc
configure:2445: result: gcc
configure:2674: checking for C compiler version
configure:2683: gcc --version >&5
gcc (Ubuntu 5.4.0-6ubuntu1~16.04.11) 5.4.0 20160609
Copyright (C) 2015 Free Software Foundation, Inc.
This is free software; see the source for copying conditions.  There is NO
warranty; not even for MERCHANTABILITY or FITNESS FOR A PARTICULAR PURPOSE.

configure:2694: $? = 0
configure:2683: gcc -v >&5
Using built-in specs.
COLLECT_GCC=gcc
COLLECT_LTO_WRAPPER=/usr/lib/gcc/x86_64-linux-gnu/5/lto-wrapper
Target: x86_64-linux-gnu
Configured with: ../src/configure -v --with-pkgversion='Ubuntu 5.4.0-6ubuntu1~16.04.11' --with-bugurl=file:///usr/share/doc/gcc-5/README.Bugs --enable-languages=c,ada,c++,java,go,d,fortran,objc,obj-c++ --prefix=/usr --program-suffix=-5 --enable-shared --enable-linker-build-id --libexecdir=/usr/lib --without-included-gettext --enable-threads=posix --libdir=/usr/lib --enable-nls --with-sysroot=/ --enable-clocale=gnu --enable-libstdcxx-debug --enable-libstdcxx-time=yes --with-default-libstdcxx-abi=new --enable-gnu-unique-object --disable-vtable-verify --enable-libmpx --enable-plugin --with-system-zlib --disable-browser-plugin --enable-java-awt=gtk --enable-gtk-cairo --with-java-home=/usr/lib/jvm/java-1.5.0-gcj-5-amd64/jre --enable-java-home --with-jvm-root-dir=/usr/lib/jvm/java-1.5.0-gcj-5-amd64 --with-jvm-jar-dir=/usr/lib/jvm-exports/java-1.5.0-gcj-5-amd64 --with-arch-directory=amd64 --with-ecj-jar=/usr/share/java/eclipse-ecj.jar --enable-objc-gc --enable-multiarch --disable-werror --with-arch-32=i686 --with-abi=m64 --with-multilib-list=m32,m64,mx32 --enable-multilib --with-tune=generic --enable-checking=release --build=x86_64-linux-gnu --host=x86_64-linux-gnu --target=x86_64-linux-gnu
Thread model: posix
gcc version 5.4.0 20160609 (Ubuntu 5.4.0-6ubuntu1~16.04.11) 
configure:2694: $? = 0
configure:2683: gcc -V >&5
gcc: error: unrecognized command line option '-V'
gcc: fatal error: no input files
compilation terminated.
configure:2694: $? = 1
configure:2683: gcc -qversion >&5
gcc: error: unrecognized command line option '-qversion'
gcc: fatal error: no input files
compilation terminated.
configure:2694: $? = 1
configure:2714: checking whether the C compiler works
configure:2736: gcc    conftest.c  >&5
configure:2740: $? = 0
configure:2788: result: yes
configure:2791: checking for C compiler default output file name
configure:2793: result: a.out
configure:2799: checking for suffix of executables
configure:2806: gcc -o conftest    conftest.c  >&5
configure:2810: $? = 0
configure:2832: result: 
configure:2854: checking whether we are cross compiling
configure:2862: gcc -o conftest    conftest.c  >&5
configure:2866: $? = 0
configure:2873: ./conftest
configure:2877: $? = 0
configure:2892: result: no
configure:2897: checking for suffix of object files
configure:2919: gcc -c   conftest.c >&5
configure:2923: $? = 0
configure:2944: result: o
configure:2948: checking whether we are using the GNU C compiler
configure:2967: gcc -c   conftest.c >&5
configure:2967: $? = 0
configure:2976: result: yes
configure:2985: checking whether gcc accepts -g
configure:3005: gcc -c -g  conftest.c >&5
configure:3005: $? = 0
configure:3046: result: yes
configure:3063: checking for gcc option to accept ISO C89
configure:3126: gcc  -c   conftest.c >&5
configure:3126: $? = 0
configure:3139: result: none needed
configure:3217: checking for g++
configure:3233: found /usr/bin/g++
configure:3244: result: g++
configure:3271: checking for C++ compiler version
configure:3280: g++ --version >&5
g++ (Ubuntu 5.4.0-6ubuntu1~16.04.11) 5.4.0 20160609
Copyright (C) 2015 Free Software Foundation, Inc.
This is free software; see the source for copying conditions.  There is NO
warranty; not even for MERCHANTABILITY or FITNESS FOR A PARTICULAR PURPOSE.

configure:3291: $? = 0
configure:3280: g++ -v >&5
Using built-in specs.
COLLECT_GCC=g++
COLLECT_LTO_WRAPPER=/usr/lib/gcc/x86_64-linux-gnu/5/lto-wrapper
Target: x86_64-linux-gnu
Configured with: ../src/configure -v --with-pkgversion='Ubuntu 5.4.0-6ubuntu1~16.04.11' --with-bugurl=file:///usr/share/doc/gcc-5/README.Bugs --enable-languages=c,ada,c++,java,go,d,fortran,objc,obj-c++ --prefix=/usr --program-suffix=-5 --enable-shared --enable-linker-build-id --libexecdir=/usr/lib --without-included-gettext --enable-threads=posix --libdir=/usr/lib --enable-nls --with-sysroot=/ --enable-clocale=gnu --enable-libstdcxx-debug --enable-libstdcxx-time=yes --with-default-libstdcxx-abi=new --enable-gnu-unique-object --disable-vtable-verify --enable-libmpx --enable-plugin --with-system-zlib --disable-browser-plugin --enable-java-awt=gtk --enable-gtk-cairo --with-java-home=/usr/lib/jvm/java-1.5.0-gcj-5-amd64/jre --enable-java-home --with-jvm-root-dir=/usr/lib/jvm/java-1.5.0-gcj-5-amd64 --with-jvm-jar-dir=/usr/lib/jvm-exports/java-1.5.0-gcj-5-amd64 --with-arch-directory=amd64 --with-ecj-jar=/usr/share/java/eclipse-ecj.jar --enable-objc-gc --enable-multiarch --disable-werror --with-arch-32=i686 --with-abi=m64 --with-multilib-list=m32,m64,mx32 --enable-multilib --with-tune=generic --enable-checking=release --build=x86_64-linux-gnu --host=x86_64-linux-gnu --target=x86_64-linux-gnu
Thread model: posix
gcc version 5.4.0 20160609 (Ubuntu 5.4.0-6ubuntu1~16.04.11) 
configure:3291: $? = 0
configure:3280: g++ -V >&5
g++: error: unrecognized command line option '-V'
g++: fatal error: no input files
compilation terminated.
configure:3291: $? = 1
configure:3280: g++ -qversion >&5
g++: error: unrecognized command line option '-qversion'
g++: fatal error: no input files
compilation terminated.
configure:3291: $? = 1
configure:3295: checking whether we are using the GNU C++ compiler
configure:3314: g++ -c   conftest.cpp >&5
configure:3314: $? = 0
configure:3323: result: yes
configure:3332: checking whether g++ accepts -g
configure:3352: g++ -c -g  conftest.cpp >&5
configure:3352: $? = 0
configure:3393: result: yes
configure:3430: checking for a BSD-compatible install
configure:3498: result: /usr/bin/install -c
configure:3556: checking for ranlib
configure:3572: found /usr/bin/ranlib
configure:3583: result: ranlib
configure:3648: checking for ar
configure:3664: found /usr/bin/ar
configure:3675: result: ar
configure:3699: checking for cp
configure:3717: found /bin/cp
configure:3729: result: /bin/cp
configure:3739: checking for ln
configure:3757: found /bin/ln
configure:3769: result: /bin/ln
configure:3779: checking for mkdir
configure:3797: found /bin/mkdir
configure:3809: result: /bin/mkdir
configure:3819: checking for rm
configure:3837: found /bin/rm
configure:3849: result: /bin/rm
configure:3870: checking for inline
configure:3886: gcc -c   conftest.c >&5
configure:3886: $? = 0
configure:3894: result: inline
configure:3917: checking for strdup
configure:3917: gcc -o conftest    conftest.c  >&5
conftest.c:33:6: warning: conflicting types for built-in function 'strdup'
 char strdup ();
      ^
configure:3917: $? = 0
configure:3917: result: yes
configure:3917: checking for strlcat
configure:3917: gcc -o conftest    conftest.c  >&5
/tmp/ccFe95qL.o: In function `main':
conftest.c:(.text+0xa): undefined reference to `strlcat'
collect2: error: ld returned 1 exit status
configure:3917: $? = 1
configure: failed program was:
| /* confdefs.h */
| #define PACKAGE_NAME "Mini-XML"
| #define PACKAGE_TARNAME "mxml"
| #define PACKAGE_VERSION "3.0"
| #define PACKAGE_STRING "Mini-XML 3.0"
| #define PACKAGE_BUGREPORT "https://github.com/michaelrsweet/mxml/issues"
| #define PACKAGE_URL "https://michaelrsweet.github.io/mxml"
| #define MXML_VERSION "Mini-XML v3.0"
| #define HAVE_STRDUP 1
| /* end confdefs.h.  */
| /* Define strlcat to an innocuous variant, in case <limits.h> declares strlcat.
|    For example, HP-UX 11i <limits.h> declares gettimeofday.  */
| #define strlcat innocuous_strlcat
| 
| /* System header to define __stub macros and hopefully few prototypes,
|     which can conflict with char strlcat (); below.
|     Prefer <limits.h> to <assert.h> if __STDC__ is defined, since
|     <limits.h> exists even on freestanding compilers.  */
| 
| #ifdef __STDC__
| # include <limits.h>
| #else
| # include <assert.h>
| #endif
| 
| #undef strlcat
| 
| /* Override any GCC internal prototype to avoid an error.
|    Use char because int might match the return type of a GCC
|    builtin and then its argument prototype would still apply.  */
| #ifdef __cplusplus
| extern "C"
| #endif
| char strlcat ();
| /* The GNU C library defines this for functions which it implements
|     to always fail with ENOSYS.  Some functions are actually named
|     something starting with __ and the normal name is an alias.  */
| #if defined __stub_strlcat || defined __stub___strlcat
| choke me
| #endif
| 
| int
| main ()
| {
| return strlcat ();
|   ;
|   return 0;
| }
configure:3917: result: no
configure:3917: checking for strlcpy
configure:3917: gcc -o conftest    conftest.c  >&5
/tmp/ccPEWGDP.o: In function `main':
conftest.c:(.text+0xa): undefined reference to `strlcpy'
collect2: error: ld returned 1 exit status
configure:3917: $? = 1
configure: failed program was:
| /* confdefs.h */
| #define PACKAGE_NAME "Mini-XML"
| #define PACKAGE_TARNAME "mxml"
| #define PACKAGE_VERSION "3.0"
| #define PACKAGE_STRING "Mini-XML 3.0"
| #define PACKAGE_BUGREPORT "https://github.com/michaelrsweet/mxml/issues"
| #define PACKAGE_URL "https://michaelrsweet.github.io/mxml"
| #define MXML_VERSION "Mini-XML v3.0"
| #define HAVE_STRDUP 1
| /* end confdefs.h.  */
| /* Define strlcpy to an innocuous variant, in case <limits.h> declares strlcpy.
|    For example, HP-UX 11i <limits.h> declares gettimeofday.  */
| #define strlcpy innocuous_strlcpy
| 
| /* System header to define __stub macros and hopefully few prototypes,
|     which can conflict with char strlcpy (); below.
|     Prefer <limits.h> to <assert.h> if __STDC__ is defined, since
|     <limits.h> exists even on freestanding compilers.  */
| 
| #ifdef __STDC__
| # include <limits.h>
| #else
| # include <assert.h>
| #endif
| 
| #undef strlcpy
| 
| /* Override any GCC internal prototype to avoid an error.
|    Use char because int might match the return type of a GCC
|    builtin and then its argument prototype would still apply.  */
| #ifdef __cplusplus
| extern "C"
| #endif
| char strlcpy ();
| /* The GNU C library defines this for functions which it implements
|     to always fail with ENOSYS.  Some functions are actually named
|     something starting with __ and the normal name is an alias.  */
| #if defined __stub_strlcpy || defined __stub___strlcpy
| choke me
| #endif
| 
| int
| main ()
| {
| return strlcpy ();
|   ;
|   return 0;
| }
configure:3917: result: no
configure:3932: checking for snprintf
configure:3932: gcc -o conftest    conftest.c  >&5
conftest.c:34:6: warning: conflicting types for built-in function 'snprintf'
 char snprintf ();
      ^
configure:3932: $? = 0
configure:3932: result: yes
configure:3932: checking for vasprintf
configure:3932: gcc -o conftest    conftest.c  >&5
configure:3932: $? = 0
configure:3932: result: yes
configure:3932: checking for vsnprintf
configure:3932: gcc -o conftest    conftest.c  >&5
conftest.c:36:6: warning: conflicting types for built-in function 'vsnprintf'
 char vsnprintf ();
      ^
configure:3932: $? = 0
configure:3932: result: yes
configure:3943: checking for long long int
configure:3970: result: yes
configure:3994: checking how to run the C preprocessor
configure:4025: gcc -E  conftest.c
configure:4025: $? = 0
configure:4039: gcc -E  conftest.c
conftest.c:15:28: fatal error: ac_nonexistent.h: No such file or directory
compilation terminated.
configure:4039: $? = 1
configure: failed program was:
| /* confdefs.h */
| #define PACKAGE_NAME "Mini-XML"
| #define PACKAGE_TARNAME "mxml"
| #define PACKAGE_VERSION "3.0"
| #define PACKAGE_STRING "Mini-XML 3.0"
| #define PACKAGE_BUGREPORT "https://github.com/michaelrsweet/mxml/issues"
| #define PACKAGE_URL "https://michaelrsweet.github.io/mxml"
| #define MXML_VERSION "Mini-XML v3.0"
| #define HAVE_STRDUP 1
| #define HAVE_SNPRINTF 1
| #define HAVE_VASPRINTF 1
| #define HAVE_VSNPRINTF 1
| #define HAVE_LONG_LONG 1
| /* end confdefs.h.  */
| #include <ac_nonexistent.h>
configure:4064: result: gcc -E
configure:4084: gcc -E  conftest.c
configure:4084: $? = 0
configure:4098: gcc -E  conftest.c
conftest.c:15:28: fatal error: ac_nonexistent.h: No such file or directory
compilation terminated.
configure:4098: $? = 1
configure: failed program was:
| /* confdefs.h */
| #define PACKAGE_NAME "Mini-XML"
| #define PACKAGE_TARNAME "mxml"
| #define PACKAGE_VERSION "3.0"
| #define PACKAGE_STRING "Mini-XML 3.0"
| #define PACKAGE_BUGREPORT "https://github.com/michaelrsweet/mxml/issues"
| #define PACKAGE_URL "https://michaelrsweet.github.io/mxml"
| #define MXML_VERSION "Mini-XML v3.0"
| #define HAVE_STRDUP 1
| #define HAVE_SNPRINTF 1
| #define HAVE_VASPRINTF 1
| #define HAVE_VSNPRINTF 1
| #define HAVE_LONG_LONG 1
| /* end confdefs.h.  */
| #include <ac_nonexistent.h>
configure:4127: checking for grep that handles long lines and -e
configure:4185: result: /bin/grep
configure:4190: checking for egrep
configure:4252: result: /bin/grep -E
configure:4257: checking for ANSI C header files
configure:4277: gcc -c   conftest.c >&5
configure:4277: $? = 0
configure:4350: gcc -o conftest    conftest.c  >&5
configure:4350: $? = 0
configure:4350: ./conftest
configure:4350: $? = 0
configure:4361: result: yes
configure:4374: checking for sys/types.h
configure:4374: gcc -c   conftest.c >&5
configure:4374: $? = 0
configure:4374: result: yes
configure:4374: checking for sys/stat.h
configure:4374: gcc -c   conftest.c >&5
configure:4374: $? = 0
configure:4374: result: yes
configure:4374: checking for stdlib.h
configure:4374: gcc -c   conftest.c >&5
configure:4374: $? = 0
configure:4374: result: yes
configure:4374: checking for string.h
configure:4374: gcc -c   conftest.c >&5
configure:4374: $? = 0
configure:4374: result: yes
configure:4374: checking for memory.h
configure:4374: gcc -c   conftest.c >&5
configure:4374: $? = 0
configure:4374: result: yes
configure:4374: checking for strings.h
configure:4374: gcc -c   conftest.c >&5
configure:4374: $? = 0
configure:4374: result: yes
configure:4374: checking for inttypes.h
configure:4374: gcc -c   conftest.c >&5
configure:4374: $? = 0
configure:4374: result: yes
configure:4374: checking for stdint.h
configure:4374: gcc -c   conftest.c >&5
configure:4374: $? = 0
configure:4374: result: yes
configure:4374: checking for unistd.h
configure:4374: gcc -c   conftest.c >&5
configure:4374: $? = 0
configure:4374: result: yes
configure:4386: checking pthread.h usability
configure:4386: gcc -c   conftest.c >&5
configure:4386: $? = 0
configure:4386: result: yes
configure:4386: checking pthread.h presence
configure:4386: gcc -E  conftest.c
configure:4386: $? = 0
configure:4386: result: yes
configure:4386: checking for pthread.h
configure:4386: result: yes
configure:4396: checking for pthread_create using -lpthreads
configure:4411: gcc -o conftest    conftest.c -lpthreads  >&5
conftest.c: In function 'main':
conftest.c:30:1: warning: null argument where non-null required (argument 1) [-Wnonnull]
 pthread_create(0, 0, 0, 0);
 ^
conftest.c:30:1: warning: null argument where non-null required (argument 3) [-Wnonnull]
/usr/bin/ld: cannot find -lpthreads
collect2: error: ld returned 1 exit status
configure:4411: $? = 1
configure: failed program was:
| /* confdefs.h */
| #define PACKAGE_NAME "Mini-XML"
| #define PACKAGE_TARNAME "mxml"
| #define PACKAGE_VERSION "3.0"
| #define PACKAGE_STRING "Mini-XML 3.0"
| #define PACKAGE_BUGREPORT "https://github.com/michaelrsweet/mxml/issues"
| #define PACKAGE_URL "https://michaelrsweet.github.io/mxml"
| #define MXML_VERSION "Mini-XML v3.0"
| #define HAVE_STRDUP 1
| #define HAVE_SNPRINTF 1
| #define HAVE_VASPRINTF 1
| #define HAVE_VSNPRINTF 1
| #define HAVE_LONG_LONG 1
| #define STDC_HEADERS 1
| #define HAVE_SYS_TYPES_H 1
| #define HAVE_SYS_STAT_H 1
| #define HAVE_STDLIB_H 1
| #define HAVE_STRING_H 1
| #define HAVE_MEMORY_H 1
| #define HAVE_STRINGS_H 1
| #define HAVE_INTTYPES_H 1
| #define HAVE_STDINT_H 1
| #define HAVE_UNISTD_H 1
| #define HAVE_PTHREAD_H 1
| /* end confdefs.h.  */
| #include <pthread.h>
| int
| main ()
| {
| pthread_create(0, 0, 0, 0);
|   ;
|   return 0;
| }
configure:4416: result: no
configure:4396: checking for pthread_create using -lpthread
configure:4411: gcc -o conftest    conftest.c -lpthread  >&5
conftest.c: In function 'main':
conftest.c:30:1: warning: null argument where non-null required (argument 1) [-Wnonnull]
 pthread_create(0, 0, 0, 0);
 ^
conftest.c:30:1: warning: null argument where non-null required (argument 3) [-Wnonnull]
configure:4411: $? = 0
configure:4416: result: yes
configure:4450: checking for shared library support
configure:4465: result: yes
configure:4740: creating ./config.status

## ---------------------- ##
## Running config.status. ##
## ---------------------- ##

This file was extended by Mini-XML config.status 3.0, which was
generated by GNU Autoconf 2.69.  Invocation command line was

  CONFIG_FILES    = 
  CONFIG_HEADERS  = 
  CONFIG_LINKS    = 
  CONFIG_COMMANDS = 
  $ ./config.status 

on xj-pc

config.status:840: creating Makefile
config.status:840: creating mxml.pc
config.status:840: creating config.h

## ---------------- ##
## Cache variables. ##
## ---------------- ##

ac_cv_build=x86_64-unknown-linux-gnu
ac_cv_c_compiler_gnu=yes
ac_cv_c_inline=inline
ac_cv_c_long_long=yes
ac_cv_cxx_compiler_gnu=yes
ac_cv_env_CCC_set=
ac_cv_env_CCC_value=
ac_cv_env_CC_set=
ac_cv_env_CC_value=
ac_cv_env_CFLAGS_set=
ac_cv_env_CFLAGS_value=
ac_cv_env_CPPFLAGS_set=
ac_cv_env_CPPFLAGS_value=
ac_cv_env_CPP_set=
ac_cv_env_CPP_value=
ac_cv_env_CXXFLAGS_set=
ac_cv_env_CXXFLAGS_value=
ac_cv_env_CXX_set=
ac_cv_env_CXX_value=
ac_cv_env_LDFLAGS_set=
ac_cv_env_LDFLAGS_value=
ac_cv_env_LIBS_set=
ac_cv_env_LIBS_value=
ac_cv_env_build_alias_set=
ac_cv_env_build_alias_value=
ac_cv_env_host_alias_set=
ac_cv_env_host_alias_value=
ac_cv_env_target_alias_set=
ac_cv_env_target_alias_value=
ac_cv_func_snprintf=yes
ac_cv_func_strdup=yes
ac_cv_func_strlcat=no
ac_cv_func_strlcpy=no
ac_cv_func_vasprintf=yes
ac_cv_func_vsnprintf=yes
ac_cv_header_inttypes_h=yes
ac_cv_header_memory_h=yes
ac_cv_header_pthread_h=yes
ac_cv_header_stdc=yes
ac_cv_header_stdint_h=yes
ac_cv_header_stdlib_h=yes
ac_cv_header_string_h=yes
ac_cv_header_strings_h=yes
ac_cv_header_sys_stat_h=yes
ac_cv_header_sys_types_h=yes
ac_cv_header_unistd_h=yes
ac_cv_host=x86_64-unknown-linux-gnu
ac_cv_objext=o
ac_cv_path_CP=/bin/cp
ac_cv_path_EGREP='/bin/grep -E'
ac_cv_path_GREP=/bin/grep
ac_cv_path_LN=/bin/ln
ac_cv_path_MKDIR=/bin/mkdir
ac_cv_path_RM=/bin/rm
ac_cv_path_install='/usr/bin/install -c'
ac_cv_prog_CPP='gcc -E'
ac_cv_prog_ac_ct_AR=ar
ac_cv_prog_ac_ct_CC=gcc
ac_cv_prog_ac_ct_CXX=g++
ac_cv_prog_ac_ct_RANLIB=ranlib
ac_cv_prog_cc_c89=
ac_cv_prog_cc_g=yes
ac_cv_prog_cxx_g=yes

## ----------------- ##
## Output variables. ##
## ----------------- ##

AR='ar'
ARCHFLAGS=''
ARFLAGS='crvs'
CC='gcc'
CFLAGS='-Wall -D_GNU_SOURCE '
CP='/bin/cp'
CPP='gcc -E'
CPPFLAGS=''
CXX='g++'
CXXFLAGS=''
DEFS='-DHAVE_CONFIG_H'
DSO='$(CC)'
DSOFLAGS=' -Wl,-soname,libmxml.so.1 -shared $(OPTIM)'
ECHO_C=''
ECHO_N='-n'
ECHO_T=''
EGREP='/bin/grep -E'
EXEEXT=''
GREP='/bin/grep'
INSTALL_DATA='${INSTALL} -m 644'
INSTALL_PROGRAM='${INSTALL}'
INSTALL_SCRIPT='${INSTALL}'
LDFLAGS=''
LIBMXML='libmxml.so.1.6'
LIBOBJS=''
LIBS=''
LN='/bin/ln'
LTLIBOBJS=''
MKDIR='/bin/mkdir'
OBJEXT='o'
OPTIM='-fPIC -Os -g'
PACKAGE_BUGREPORT='https://github.com/michaelrsweet/mxml/issues'
PACKAGE_NAME='Mini-XML'
PACKAGE_STRING='Mini-XML 3.0'
PACKAGE_TARNAME='mxml'
PACKAGE_URL='https://michaelrsweet.github.io/mxml'
PACKAGE_VERSION='3.0'
PATH_SEPARATOR=':'
PC_CFLAGS='-I${prefix}/include'
PC_LIBS='-L${exec_prefix}/lib -lmxml'
PICFLAG='1'
PTHREAD_FLAGS='-D_THREAD_SAFE -D_REENTRANT'
PTHREAD_LIBS='-lpthread'
RANLIB='ranlib'
RM='/bin/rm'
SHELL='/bin/bash'
TARGETS='ALLTARGETS'
VERSION='3.0'
ac_ct_CC='gcc'
ac_ct_CXX='g++'
bindir='${exec_prefix}/bin'
build='x86_64-unknown-linux-gnu'
build_alias=''
build_cpu='x86_64'
build_os='linux-gnu'
build_vendor='unknown'
datadir='${datarootdir}'
datarootdir='${prefix}/share'
docdir='${datarootdir}/doc/mxml'
dvidir='${docdir}'
exec_prefix='/usr/local'
host='x86_64-unknown-linux-gnu'
host_alias=''
host_cpu='x86_64'
host_os='linux-gnu'
host_vendor='unknown'
htmldir='${docdir}'
includedir='${prefix}/include'
infodir='${datarootdir}/info'
libdir='${exec_prefix}/lib'
libexecdir='${exec_prefix}/libexec'
localedir='${datarootdir}/locale'
localstatedir='${prefix}/var'
mandir='${datarootdir}/man'
oldincludedir='/usr/include'
pdfdir='${docdir}'
prefix='/usr/local'
program_transform_name='s,x,x,'
psdir='${docdir}'
sbindir='${exec_prefix}/sbin'
sharedstatedir='${prefix}/com'
sysconfdir='${prefix}/etc'
target_alias=''

## ----------- ##
## confdefs.h. ##
## ----------- ##

/* confdefs.h */
#define PACKAGE_NAME "Mini-XML"
#define PACKAGE_TARNAME "mxml"
#define PACKAGE_VERSION "3.0"
#define PACKAGE_STRING "Mini-XML 3.0"
#define PACKAGE_BUGREPORT "https://github.com/michaelrsweet/mxml/issues"
#define PACKAGE_URL "https://michaelrsweet.github.io/mxml"
#define MXML_VERSION "Mini-XML v3.0"
#define HAVE_STRDUP 1
#define HAVE_SNPRINTF 1
#define HAVE_VASPRINTF 1
#define HAVE_VSNPRINTF 1
#define HAVE_LONG_LONG 1
#define STDC_HEADERS 1
#define HAVE_SYS_TYPES_H 1
#define HAVE_SYS_STAT_H 1
#define HAVE_STDLIB_H 1
#define HAVE_STRING_H 1
#define HAVE_MEMORY_H 1
#define HAVE_STRINGS_H 1
#define HAVE_INTTYPES_H 1
#define HAVE_STDINT_H 1
#define HAVE_UNISTD_H 1
#define HAVE_PTHREAD_H 1

configure: exit 0
